13404
10597
15972
11287
9895
18118
15616
10366
10411
14249
12602
11097
10576
12197
11687
13611
10948
12660
11083
18295
14069
14163
10920
10418
11548
15407
16464
14069
9823
21437
10511
9653
10685
15190
13404
14142
13215
10032
9230
19961
10259
9023
10475
12528
11868
11514
11689
12142
10205
10959
9828
21794
9842
8965
10796
9113
9331
14069
11813
11600
9051
12528
13768
38730
9829
9947
11813
15818
9342
17218
10564
11680
11868
11209
9311
10974
11330
9967
15972
11882
9098
11631
9414
8684
12452
12142
11868
10035
11287
9023
20021
11237
9869
9842
10695
21437
9737
10597
9737
9903
9012
9354
9031
9497
9642
10361
14109
10147
9193
10186
9080
9489
9164
10032
9362106
9299
12308
10150
9308
9911
18118
9357
14254
11689
40873
27755
10888
16804
9829
11287
10475
9944
11408
9279
9240
9455
9324
10724
10598
9619
9309
36296
9256
10649
7860
9390
6486
9629
9934
9524
11064
9361
11868
9939
9008
10475
6888
11813
10756
9629
9444
9457
9060
9403
9277
17164
9051
9745
9098
12763
9403
9012
19440
11600
9927
21437
20021
10198
12883
10871
10933
12142
9657
19727
16567
10895
9492
11699
9932
10071
11813
13011
14158
30904
11332
10812
10456
9324
9264
15024
14027
9383
9294
11689
9344
9519
10734
6844
13659
12800
9572
10399
7991
9135
9176
9390
19869
11813
9389
10071
9607
9770
9332
16006
11600
9332
16231
10983
15
9880
10054
10407
11112
11868
10566
9730
9900
10611
12142
10082
9355
15449
13279
9875
10094
10999
14142
11410
9240
10538
15028
9340
15
14176
9332
95
6638
11
9183
12711
10872
12663
11644
10334
9647
9998
11103
11233
15028
10600
9637
15662
11390
10534
10505
10377
7
11427
15865
11253
14069
11717
10740
16804
10134
12379
9240
16567
9510
14166
11051
11400
9361
13245
11112
11492
9551
10152
10108
11868
12382
10135
11406
14059
9387
12416
15154
11114
9518
10100
11813
13383
9767
9971
10527
9290
10669
16006
11335
15842
9180
9829
10331
13
9415
11095
11776
9498
12313
94
9529
11448
8959
16850
10431
14254
9833
6504
14325
13953
9315
10015
13208
14109
13497
10843
10827
9872
12306
10527
13266
10135
9834
9974
9459
10261
12049
9658
17052
9958
9135
9986
10190
11689
9144
8090
6829
9793
19115
10104
10538
11847
16113
12142
12379
11089
11882
14070
9479
10326
11065
7110
15190
12070
12130
11636
6962
16911
11197
11625
11600
10147
16886
9279
6740
6596
9488
15678
10702
14771
15358
10363
10393
11018
10562
9394
10078
9503
11158
10849
13404
10548
14369
9623
15477
10290
10558
12591
10094
10399
12191
11689
9644
7205
11934
13772
8944
20218
7991
9594
11281
10251
9082
14845
9927
9828
11311
25918
47
9174
10881
6605
8641
9636
12591
10043
6645
15865
13132
10356
9332
9480
11184
14374
9667
14858
12383
12888
16911
9082
11321
10069
11364700
9508
13921
32449
11548
6500
69591
9380
10723
10456
10389
9751
9132
9489
9305
11766
13460
9504
9016
10052
9330
13245
11864
9309
9770
9290
9209
9500
9287
14655
10934
11644
9291
10169
10574
8965
8715
14059
14667
12191
9503
9737
10091
18155
11032
15881
9667
11027
10353
9218
7991
9330
11196
13188
10936
9658
12528
11633
12714
14249
13865
10421
15345
14655
11410
10547
11600
11006
116151
9205
10562
13807
14176
10303
11113
120074
12128
10684
16259
9183
9996
7068
10053
12071
13691
1202310554
10737
9120
11073
15348
17178

10614
11029
11233
8590
9218
6667
10270
10827
9173
10629
9555
13691
9985
10008
6526
10238
11657
9309
13388
11708
11950
10829
9016
74
10
7
12366
10156
9051
9139
58004
10434
10689
11
10153
14427
10134
10017
10678
10611
134864
15
9309
11802
10156
9368
13807
12564
11167
9947
10866
13148
12783
9637
10262
10153
17541
11096
6645
13120
14254
14095
10866
11076
9193
10790
10
14427
10493
12304
14043
13953
14845
9
11831
14818
10290
9575
12120
11011
10334
11197
17398
11708
11064
9113
134864
14832
10574
10120
19776
134864
13518
14234
10717
10
8647
11961
10679
17398
12769
11118
11708
10043
10740
32520
10649
6688
9793
11550
14549
19440
6779
18361
9137
10692
10927
9244
11842
11140
11916
12306
6843
10353
10208
12378
13843
11261
7205
11741
11799
13688
12560
75551
11351
11466
14805
9853
9575
9867
10462
9303
11356
134864
10493
18
12501
11092
10493
11141
13131
11373
9956
9642
9847
9146
17407
12790
11040
20715
6962
11892
14054
13945
80169
10493
13384
8042
15843
11040
11083
9811
11633
62144
11406
12796
12194
9491
10694
9
11
11344
9060
10234
134864
7110
9370
9860
12647
14054
12564
39827
9441
11336
7208
7367
10812
14683
18153
7503
11478
9518
8626
6963
10493
12531
19079
6732
13269
10045
11244
11445
10076952
11591
11248
6843
9479
13686
10584
10378
8584
13825
12101
7068
9424
11080
10971
10069
9574
13975
16121
10600
15928
6740
11412
16842
6688
11252
10787
11358
9279
13975
9368
15616
13853
35520
9554
6561
11919
15534
17261
13107
12918
11502
14549
14043
10850
10389
10283
7052
10037
11219
26349
15257
75551
11893
11868
9314
10948
15356
8567
10392
14054
11479
11930
10551
10785
11687
13659
68262
10326
10745
11864
13807
13131
11342
10686
134864
14113
12770
11495
15880
13156
18361
17869
10929
14553
14821
11408
15477
73
206408
8954
18315
11318
11428
12
15081
11591
10569
10197
13241
11198
113347
7540
9372
12649
10956
11006
14620
9307
14928
26365
134864
11891
11753
12130
11191
10296
8102
20871
9473
107575
14928
10078
12714
9210
11275
77265
9996
11071
6742
10159
12770
11373
10493
12134
11736
15623
9350
13807
15556
11489
17631
7
8998
10785
9182
55006
8869
9098
11326
9959
9796
10159
19813
7094
16524
11844
58520
10430
14526
10790
9912
9680
19813
10283
6786
12052
12828
9134
77709
13793
9767
10785
12412
9314
14928
8293
11070
11736
10602
7456
9012
9394
13412
10873
6742
27470
10780
13388
11172
10335
10190
10184
14404
11076
10702
13794
12726
7114
15678
11695
68263
47
11096
12366
10483
9550
11113
19745
11052
14411
14066
10205
54310
9013
7304
14059
12172
7304
76732
6889
11202
12877
9185
24608
9605
12735
12953
18460
14667
10889
11765
17943
9936
10531
9376
10003
13853
10584
11076
9324
17407
8802
41452
10858
9449
7411
14184
9975
6732
9536
14430
6821
9376
13740
10120
9495
6829
8196
8460
15493
12564
9833
11381
134864
10582
9959
18153
11035
15966
11950
10061
9985
12008648
9513
75551
71825
9656
2
61100
18153
10080
10887
15166
9864
13600
6826
16524
18361
13135
13432
8685
7597
12008
9190
11936
19745
10960
10094
10018
9485
8396
14293
10515
9956
38971
14316
18362
10007
11076
10493
9613
9941
7358
11282
9013
8715
10304
6596
14234
9314
11824
9881
15673
13363
9453
15764
65558
9279
9461
9683
11252
10043
8544
11601
10500
11
6667
30863
15036
7415
13156
12023
75551
11291
14
9529
75551
15305
10436
11344
9919
11796
10278
11202
12835
7454
16146
13691
19079
9394
12333
10036
7304
13135
9524
71509
11478
8412
17230
41363
13377
11028
11027
9255
9255
9975
16842
10558
8096
16342
6736
40031
15695
8576
13190
145626
12383
11142
18252
11202
10051
14023
8440
11206
9469
13773
10436
15696
11580
9690
11411
9104
11684
9541
9727
11628
10687
9971
11261
10493
26081
10254
11500
13362
17943
12527
13779
12121
14690
12765
10261
11552
9686
9481
13940
16886
14549
13148
10692
9727
15972
14411
9130
44500
13643
10376
9485
9524
12711
19
18600
12810
13212
9396
12431
11760
20733
8010
7029
15696
10011
9563
11198
9132
12194
12948
14805
9747
16524
11848
13600
10816
6657
13836
13629
21290
10260
13058
11163
11781
16783
15833
14425
19
13388
118329
13910
10500
11884
10051
11471
11083
24045
7234
11559
8520
12888
6826
11652
26535
11309
11121
11848
33802
11585
9208
9539
12406
14829
11284
8438
10784
11673
11343
9421
11773
14
11762
12462
11045
8685
9891
9737
12886
6641
10289
10960
53937
13778
9637
60395
15
12095
10679
10531
11054
12560
11993
13853
11158
13101
70633
15759
21290
15161
17279
12671
15479
7201
7126
67729
9829
10117
17435
7039
8478
11355
24823
18295
9160
6963
20733
9941
16599
7860
84214
13805
9659
11414
18362
15635
11036
11898
10548
70633
9646
20871
12835
12134
10088
12431
12726
11620
11353
7039
11162
8802
17261
9397
11620
9524
19
7208
13519
6618
10401
81190
10543
10769
13807
12810
62537
15561
11420
11337
11388
19
14202
9705
13470
10348
10421
11376
11337
11499
11110
10964
14858
7466
56830
13779
10106
59268
10
91
12770
11070
26365
14980
10296
11311
9738
11337
10357
8096
9144
11353
18362
11317
21290
11352
10254
11321
12724
11110
8196
9954
9394
11498
12172
15589
11297
11321
14059
121052
11321
9015
15604
11951
8198
24823
11202
9269
11867
15508
12467
14549
12049
11321
12071
11539
9935
11293
8196
14430
66
11172
20733
12095
8856
9132
20238
11414
11321
11793
24739
12378
18460
24327
7259
11635
9606
11337
9723
11414
11321
11683
11162
9741
13212
12
8933
15751
21780
17279
11705
11321
9800
11672
86310
13156
9380
10493
6617
11585
11162
11351
11414
11297
11093
9104
6743
11501
12914
10268
7172
9478
11276
11376
11375
11376
8034
10961
13407
20605
10931
11398
33245
11499
11618
11352
10915
10684
8196
19
13677
9507
26893
11695
12101
9219
10088
9952
75621
15242
34380
11706
35663
33245
11892
11321
11877
17213
14234
24823
11766
25130
33245
6779
81
7185
12325
12783
37286
10311
11862
7438
10817
13681
56493
19813
9061
14421
11525
18016
7114
26893
35663
12428
33245
10960
13217
33245
19919
9598
12384
6829
35663
12728
27305
11297
12671
19732
13282
17407
12194
16041
9593
9631
10923
15444
6821
9396
14544
10602
10296
10923
15589
7860
71940
10602
15306
9940
28483
14581
12462
12404
11824
41318
44172
9240
12911
44172
9534
11302
13007
11355
11364
19570
12569
9787
15360
13513
9020
17
8847
12870
11637
10282
33245
11202
11291
15508
26893
11782
44172
78705
21528
11234
26893
10282
11495
10660
13669
28483
50734
14493
26893
10989
7086
15706
11989
75427
10401
10282
11342
9478
16
12007
18907
9041
10150
11637
13807
36961
15881
8010
81963
10668
9245
13356
11982
15504
14928
28483
7126
12429
35663
12911
10149
33368
13261
11173
11283
11539
26812
12935
11684
19875
13011
10282
9577
9325
33245
9959
26893
27305
33245
18589
9959
12888
30271
12948
26893
16259
13299
11370
33245
17261
35663
10282
9711
9468
9391
44
13356
9013
11213
10662
11376
9
17435
11367
13470
10865
10282
8268
11420
11877
10437
8704
12880
28483
44172
13008
33245
13956
17230
12347
7367
6657
9905
11493
10530
11403
12564
35663
28483
11541
33245
35663
15748
10394
11055
12348
6889
26893
9606
8196
8196
25130
27191
61
9361
6826
15071
24859
13356
44172
32160
10692
84
11343
11544
14928
8549
12669
11781
14055
11202
6887
12723767
13356